<?xml version="1.0" encoding="UTF-8"?>
<!-- Generated by org.testng.reporters.JUnitXMLReporter -->
<testsuite hostname="administrators-MacBook-Pro-3.local" ignored="0" name="Default test" tests="4" failures="0" timestamp="14 Jul 2020 15:06:51 GMT" time="2.886" errors="0">
  <testcase name="checksuccessresponsecode" time="0.907" classname="com.qa.TestCase.Location"/>
  <testcase name="checkentityid" time="1.279" classname="com.qa.TestCase.Location"/>
  <testcase name="checkentitytype" time="0.355" classname="com.qa.TestCase.Location"/>
  <testcase name="validateentityidandtype" time="0.31" classname="com.qa.TestCase.Location"/>
</testsuite> <!-- Default test -->
