<?xml version="1.0" encoding="UTF-8"?>
<!-- Generated by org.testng.reporters.JUnitXMLReporter -->
<testsuite hostname="administrators-MacBook-Pro-3.local" ignored="0" name="city" tests="4" failures="0" timestamp="14 Jul 2020 15:16:25 GMT" time="2.376" errors="0">
  <testcase name="checksuccessresponsecode" time="0.986" classname="com.qa.TestCase.City"/>
  <testcase name="checkcountresponse" time="0.198" classname="com.qa.TestCase.City"/>
  <testcase name="check1" time="0.99" classname="com.qa.TestCase.City"/>
  <testcase name="checkcityid" time="0.132" classname="com.qa.TestCase.City"/>
</testsuite> <!-- city -->
