<?xml version="1.0" encoding="UTF-8"?>
<!-- Generated by org.testng.reporters.JUnitXMLReporter -->
<testsuite hostname="administrators-MacBook-Pro-3.local" ignored="0" name="Dailymenu" tests="3" failures="0" timestamp="14 Jul 2020 15:16:30 GMT" time="0.632" errors="0">
  <testcase name="checksuccessresponsecode" time="0.193" classname="com.qa.TestCase.Dailymenu"/>
  <testcase name="checkrestid" time="0.256" classname="com.qa.TestCase.Dailymenu"/>
  <testcase name="validatedailymenu" time="0.178" classname="com.qa.TestCase.Dailymenu"/>
</testsuite> <!-- Dailymenu -->
