<?xml version="1.0" encoding="UTF-8"?>
<!-- Generated by org.testng.reporters.JUnitXMLReporter -->
<testsuite hostname="administrators-MacBook-Pro-3.local" ignored="0" name="Establishments" tests="4" failures="0" timestamp="14 Jul 2020 15:16:36 GMT" time="0.752" errors="0">
  <testcase name="checksuccessresponsecode" time="0.13" classname="com.qa.TestCase.Establishments"/>
  <testcase name="checkrestid" time="0.266" classname="com.qa.TestCase.Establishments"/>
  <testcase name="checksuccessresponsecodewithlatitudelongitude" time="0.132" classname="com.qa.TestCase.Establishments"/>
  <testcase name="checkestablishmentidresponse" time="0.219" classname="com.qa.TestCase.Establishments"/>
</testsuite> <!-- Establishments -->
