<?xml version="1.0" encoding="UTF-8"?>
<!-- Generated by org.testng.reporters.JUnitXMLReporter -->
<testsuite hostname="administrators-MacBook-Pro-3.local" ignored="0" name="Location" tests="4" failures="0" timestamp="14 Jul 2020 15:16:42 GMT" time="0.899" errors="0">
  <testcase name="checksuccessresponsecode" time="0.269" classname="com.qa.TestCase.Location"/>
  <testcase name="checkentityid" time="0.236" classname="com.qa.TestCase.Location"/>
  <testcase name="checkentitytype" time="0.179" classname="com.qa.TestCase.Location"/>
  <testcase name="validateentityidandtype" time="0.21" classname="com.qa.TestCase.Location"/>
</testsuite> <!-- Location -->
