<?xml version="1.0" encoding="UTF-8"?>
<!-- Generated by org.testng.reporters.JUnitXMLReporter -->
<testsuite hostname="administrators-MacBook-Pro-3.local" ignored="0" name="Test" tests="3" failures="0" timestamp="14 Jul 2020 15:12:16 GMT" time="1.707" errors="0">
  <testcase name="checksuccessresponsecode" time="1.083" classname="com.qa.TestCase.City"/>
  <testcase name="checksuccessresponsecode" time="0.191" classname="com.qa.TestCase.Establishments"/>
  <testcase name="checksuccessresponsecode" time="0.406" classname="com.qa.TestCase.Location"/>
</testsuite> <!-- Test -->
