<?xml version="1.0" encoding="UTF-8"?>
<!-- Generated by org.testng.reporters.JUnitXMLReporter -->
<testsuite hostname="administrators-MacBook-Pro-3.local" ignored="0" name="Dailymenu" tests="3" failures="0" timestamp="15 Jul 2020 08:26:49 GMT" time="1.222" errors="0">
  <testcase name="checksuccessresponsecode" time="0.464" classname="com.qa.TestCase.Dailymenu"/>
  <testcase name="checkrestid" time="0.392" classname="com.qa.TestCase.Dailymenu"/>
  <testcase name="validatedailymenu" time="0.363" classname="com.qa.TestCase.Dailymenu"/>
</testsuite> <!-- Dailymenu -->
