<?xml version="1.0" encoding="UTF-8"?>
<!-- Generated by org.testng.reporters.JUnitXMLReporter -->
<testsuite hostname="administrators-MacBook-Pro-3.local" ignored="0" name="Establishments" tests="4" failures="0" timestamp="15 Jul 2020 08:26:56 GMT" time="1.293" errors="0">
  <testcase name="checksuccessresponsecode" time="0.269" classname="com.qa.TestCase.Establishments"/>
  <testcase name="checkrestid" time="0.451" classname="com.qa.TestCase.Establishments"/>
  <testcase name="checksuccessresponsecodewithlatitudelongitude" time="0.277" classname="com.qa.TestCase.Establishments"/>
  <testcase name="checkestablishmentidresponse" time="0.294" classname="com.qa.TestCase.Establishments"/>
</testsuite> <!-- Establishments -->
