<?xml version="1.0" encoding="UTF-8"?>
<!-- Generated by org.testng.reporters.JUnitXMLReporter -->
<testsuite hostname="administrators-MacBook-Pro-3.local" ignored="0" name="Location" tests="4" failures="0" timestamp="15 Jul 2020 08:27:02 GMT" time="0.988" errors="0">
  <testcase name="checksuccessresponsecode" time="0.258" classname="com.qa.TestCase.Location"/>
  <testcase name="checkentityid" time="0.248" classname="com.qa.TestCase.Location"/>
  <testcase name="checkentitytype" time="0.174" classname="com.qa.TestCase.Location"/>
  <testcase name="validateentityidandtype" time="0.307" classname="com.qa.TestCase.Location"/>
</testsuite> <!-- Location -->
