<?xml version="1.0" encoding="UTF-8"?>
<!-- Generated by org.testng.reporters.JUnitXMLReporter -->
<testsuite hostname="administrators-MacBook-Pro-3.local" ignored="0" name="Test" tests="1" failures="0" timestamp="29 May 2020 08:41:52 GMT" time="1.806" errors="0">
  <testcase name="@AfterMethod getResult" time="0.003" classname="com.qa.BaseClass.BaseClass">
    <failure type="java.lang.NullPointerException">
      <![CDATA[java.lang.NullPointerException
at com.qa.BaseClass.BaseClass.getResult(BaseClass.java:167)
... Removed 32 stack frames]]>
    </failure>
  </testcase> <!-- @AfterMethod getResult -->
  <testcase name="@AfterTest Exit" time="0.0" classname="com.qa.BaseClass.BaseClass">
    <skipped/>
  </testcase> <!-- @AfterTest Exit -->
  <testcase name="testpfexit" time="1.773" classname="com.qa.TestCase.MarkPfExitDate"/>
</testsuite> <!-- Test -->
