<?xml version="1.0" encoding="UTF-8"?>
<testsuite xmlns:xsi="http://www.w3.org/2001/XMLSchema-instance" xsi:noNamespaceSchemaLocation="https://maven.apache.org/surefire/maven-surefire-plugin/xsd/surefire-test-report.xsd" name="TestSuite" time="48.28" tests="15" errors="0" skipped="0" failures="0">
  <properties>
[...]
</properties>
  <testcase name="checksuccessresponsecode" classname="com.qa.TestCase.City" time="1.274"/>
  <testcase name="checkcountresponse" classname="com.qa.TestCase.City" time="0.478"/>
  <testcase name="check1" classname="com.qa.TestCase.City" time="0.876"/>
  <testcase name="checkcityid" classname="com.qa.TestCase.City" time="0.27"/>
  <testcase name="checksuccessresponsecode" classname="com.qa.TestCase.Dailymenu" time="0.465"/>
  <testcase name="checkrestid" classname="com.qa.TestCase.Dailymenu" time="0.393"/>
  <testcase name="validatedailymenu" classname="com.qa.TestCase.Dailymenu" time="0.364"/>
  <testcase name="checksuccessresponsecode" classname="com.qa.TestCase.Establishments" time="0.27"/>
  <testcase name="checkrestid" classname="com.qa.TestCase.Establishments" time="0.45"/>
  <testcase name="checksuccessresponsecodewithlatitudelongitude" classname="com.qa.TestCase.Establishments" time="0.278"/>
  <testcase name="checkestablishmentidresponse" classname="com.qa.TestCase.Establishments" time="0.294"/>
  <testcase name="checksuccessresponsecode" classname="com.qa.TestCase.Location" time="0.257"/>
  <testcase name="checkentityid" classname="com.qa.TestCase.Location" time="0.247"/>
  <testcase name="checkentitytype" classname="com.qa.TestCase.Location" time="0.175"/>
  <testcase name="validateentityidandtype" classname="com.qa.TestCase.Location" time="0.326"/>
</testsuite>